Arguments: 
  C:\Program Files (x86)\nodejs\node.exe C:\Users\杨桂鹏\AppData\Roaming\npm\node_modules\yarn\bin\yarn.js init

PATH: 
  C:\Users\杨桂鹏\bin;C:\Program Files\Git\mingw64\bin;C:\Program Files\Git\usr\local\bin;C:\Program Files\Git\usr\bin;C:\Program Files\Git\usr\bin;C:\Program Files\Git\mingw64\bin;C:\Program Files\Git\usr\bin;C:\Users\杨桂鹏\bin;C:\Program Files (x86)\VMware\VMware Workstation\bin;C:\WINDOWS\system32;C:\WINDOWS;C:\WINDOWS\System32\Wbem;C:\WINDOWS\System32\WindowsPowerShell\v1.0;C:\WINDOWS\System32\OpenSSH;C:\Program Files\Git\cmd;C:\Program Files\TortoiseGit\bin;C:\Program Files (x86)\nodejs;C:\Program Files (x86)\HP\Common\HPDestPlgIn;C:\Program Files (x86)\HP\IdrsOCR_15.4.1132.0;C:\Program Files (x86)\NetSarang\Xshell 7;C:\Program Files (x86)\Tencent\微信web开发者工具\dll;C:\Users\杨桂鹏\AppData\Local\Programs\Python\Python310\Scripts;C:\Users\杨桂鹏\AppData\Local\Programs\Python\Python310;C:\Users\杨桂鹏\AppData\Local\Microsoft\WindowsApps;C:\Program Files\JetBrains\WebStorm 2022.1\bin;C:\Users\杨桂鹏\AppData\Roaming\npm;C:\Program Files (x86)\HP\Common\HPDestPlgIn;C:\Users\杨桂鹏\AppData\Local\Programs\Microsoft VS Code\bin;C:\Program Files\Git\usr\bin\vendor_perl;C:\Program Files\Git\usr\bin\core_perl

Yarn version: 
  1.22.19

Node version: 
  14.18.2

Platform: 
  win32 ia32

Trace: 
  Error: Can't answer a question unless a user TTY
      at ConsoleReporter.question (C:\Users\杨桂鹏\AppData\Roaming\npm\node_modules\yarn\lib\cli.js:92864:59)
      at Object.<anonymous> (C:\Users\杨桂鹏\AppData\Roaming\npm\node_modules\yarn\lib\cli.js:85054:38)
      at Generator.next (<anonymous>)
      at step (C:\Users\杨桂鹏\AppData\Roaming\npm\node_modules\yarn\lib\cli.js:310:30)
      at C:\Users\杨桂鹏\AppData\Roaming\npm\node_modules\yarn\lib\cli.js:321:13

npm manifest: 
  No manifest

yarn manifest: 
  No manifest

Lockfile: 
  No lockfile
